<?xml version="1.0" encoding="UTF-8"?>
<!-- Generated by org.testng.reporters.JUnitReportReporter -->
<testsuite hostname="Chirayus-MacBook-Air.local" failures="0" tests="1" name="AmazonTestCasePackage.LoginPageTestCase" time="16.181" errors="0" timestamp="2024-05-14T12:00:17 IST" skipped="0">
  <testcase classname="AmazonTestCasePackage.LoginPageTestCase" name="logintest" time="16.181"/>
  <system-out/>
</testsuite> <!-- AmazonTestCasePackage.LoginPageTestCase -->
